/bin/sh: 1: /alidata/www/keep-contributing/crontab.sh: Permission denied
[master 2338e1f] daily contributing
 4 files changed, 5 insertions(+), 3 deletions(-)
 mode change 100644 => 100755 crontab.sh
 create mode 100644 keep-contributing.log
To git@github.com:noodleswww/keep-contributing.git
   27002f4..2338e1f  master -> master
[master d4260d4] daily contributing
 2 files changed, 7 insertions(+)
To git@github.com:noodleswww/keep-contributing.git
   2338e1f..d4260d4  master -> master
[master 76053a0] daily contributing
 2 files changed, 5 insertions(+)
To git@github.com:noodleswww/keep-contributing.git
   d4260d4..76053a0  master -> master
[master 49f4a6b] daily contributing
 2 files changed, 5 insertions(+)
To git@github.com:noodleswww/keep-contributing.git
   76053a0..49f4a6b  master -> master
[master dbb9439] daily contributing
 2 files changed, 5 insertions(+)
To git@github.com:noodleswww/keep-contributing.git
   49f4a6b..dbb9439  master -> master
[master b65b13d] daily contributing
 2 files changed, 5 insertions(+)
To git@github.com:noodleswww/keep-contributing.git
   dbb9439..b65b13d  master -> master
[master c2d83b3] daily contributing
 2 files changed, 5 insertions(+)
To git@github.com:noodleswww/keep-contributing.git
   b65b13d..c2d83b3  master -> master
[master 08e6588] daily contributing
 2 files changed, 5 insertions(+)
To git@github.com:noodleswww/keep-contributing.git
   c2d83b3..08e6588  master -> master
[master 507707b] daily contributing
 2 files changed, 5 insertions(+)
To git@github.com:noodleswww/keep-contributing.git
   08e6588..507707b  master -> master
[master 359518e] daily contributing
 2 files changed, 5 insertions(+)
To git@github.com:noodleswww/keep-contributing.git
   507707b..359518e  master -> master
[master 48e20e3] daily contributing
 2 files changed, 5 insertions(+)
To git@github.com:noodleswww/keep-contributing.git
   359518e..48e20e3  master -> master
[master a082157] daily contributing
 2 files changed, 5 insertions(+)
To git@github.com:noodleswww/keep-contributing.git
   48e20e3..a082157  master -> master
[master e8398c6] daily contributing
 2 files changed, 5 insertions(+)
To git@github.com:noodleswww/keep-contributing.git
   a082157..e8398c6  master -> master
[master 6daed58] daily contributing
 2 files changed, 5 insertions(+)
To git@github.com:noodleswww/keep-contributing.git
   e8398c6..6daed58  master -> master
[master 23b1efe] daily contributing
 2 files changed, 5 insertions(+)
To git@github.com:noodleswww/keep-contributing.git
   6daed58..23b1efe  master -> master
[master e87f0e8] daily contributing
 2 files changed, 5 insertions(+)
To git@github.com:noodleswww/keep-contributing.git
   23b1efe..e87f0e8  master -> master
[master 2c3ef54] daily contributing
 2 files changed, 5 insertions(+)
To git@github.com:noodleswww/keep-contributing.git
   e87f0e8..2c3ef54  master -> master
[master 2bfc12c] daily contributing
 2 files changed, 5 insertions(+)
To git@github.com:noodleswww/keep-contributing.git
   2c3ef54..2bfc12c  master -> master
[master b574ea9] daily contributing
 2 files changed, 5 insertions(+)
To git@github.com:noodleswww/keep-contributing.git
   2bfc12c..b574ea9  master -> master
[master a8c76da] daily contributing
 2 files changed, 5 insertions(+)
To git@github.com:noodleswww/keep-contributing.git
   b574ea9..a8c76da  master -> master
[master 4d0ca73] daily contributing
 2 files changed, 5 insertions(+)
To git@github.com:noodleswww/keep-contributing.git
   a8c76da..4d0ca73  master -> master
[master c5e67cb] daily contributing
 2 files changed, 5 insertions(+)
To git@github.com:noodleswww/keep-contributing.git
   4d0ca73..c5e67cb  master -> master
[master e0a296a] daily contributing
 2 files changed, 5 insertions(+)
To git@github.com:noodleswww/keep-contributing.git
   c5e67cb..e0a296a  master -> master
[master 59056be] daily contributing
 2 files changed, 5 insertions(+)
To git@github.com:noodleswww/keep-contributing.git
   e0a296a..59056be  master -> master
[master 727736c] daily contributing
 2 files changed, 5 insertions(+)
Warning: Permanently added the RSA host key for IP address '192.30.253.113' to the list of known hosts.
To git@github.com:noodleswww/keep-contributing.git
   59056be..727736c  master -> master
[master 0354fee] daily contributing
 2 files changed, 6 insertions(+)
To git@github.com:noodleswww/keep-contributing.git
   727736c..0354fee  master -> master
[master 632e4c5] daily contributing
 2 files changed, 5 insertions(+)
To git@github.com:noodleswww/keep-contributing.git
   0354fee..632e4c5  master -> master
[master 7a07681] daily contributing
 2 files changed, 5 insertions(+)
Warning: Permanently added the RSA host key for IP address '192.30.253.112' to the list of known hosts.
To git@github.com:noodleswww/keep-contributing.git
   632e4c5..7a07681  master -> master
[master 230ef40] daily contributing
 2 files changed, 6 insertions(+)
To git@github.com:noodleswww/keep-contributing.git
   7a07681..230ef40  master -> master
[master e747209] daily contributing
 2 files changed, 5 insertions(+)
To git@github.com:noodleswww/keep-contributing.git
   230ef40..e747209  master -> master
[master 9bd4d77] daily contributing
 2 files changed, 5 insertions(+)
To git@github.com:noodleswww/keep-contributing.git
   e747209..9bd4d77  master -> master
[master 08650ba] daily contributing
 2 files changed, 5 insertions(+)
To git@github.com:noodleswww/keep-contributing.git
   9bd4d77..08650ba  master -> master
[master ef9b49e] daily contributing
 2 files changed, 5 insertions(+)
To git@github.com:noodleswww/keep-contributing.git
   08650ba..ef9b49e  master -> master
[master 4722254] daily contributing
 2 files changed, 5 insertions(+)
To git@github.com:noodleswww/keep-contributing.git
   ef9b49e..4722254  master -> master
[master f7cfbe1] daily contributing
 2 files changed, 5 insertions(+)
To git@github.com:noodleswww/keep-contributing.git
   4722254..f7cfbe1  master -> master
[master 94b4b90] daily contributing
 2 files changed, 5 insertions(+)
To git@github.com:noodleswww/keep-contributing.git
   f7cfbe1..94b4b90  master -> master
[master 5b0c5cf] daily contributing
 2 files changed, 5 insertions(+)
To git@github.com:noodleswww/keep-contributing.git
   94b4b90..5b0c5cf  master -> master
[master 8dd7163] daily contributing
 2 files changed, 5 insertions(+)
To git@github.com:noodleswww/keep-contributing.git
   5b0c5cf..8dd7163  master -> master
[master b651009] daily contributing
 2 files changed, 5 insertions(+)
To git@github.com:noodleswww/keep-contributing.git
   8dd7163..b651009  master -> master
[master 908cc50] daily contributing
 2 files changed, 5 insertions(+)
To git@github.com:noodleswww/keep-contributing.git
   b651009..908cc50  master -> master
[master 0a4ffb3] daily contributing
 2 files changed, 5 insertions(+)
To git@github.com:noodleswww/keep-contributing.git
   908cc50..0a4ffb3  master -> master
[master 3f79215] daily contributing
 2 files changed, 5 insertions(+)
To git@github.com:noodleswww/keep-contributing.git
   0a4ffb3..3f79215  master -> master
[master 0a11c71] daily contributing
 2 files changed, 5 insertions(+)
To git@github.com:noodleswww/keep-contributing.git
   3f79215..0a11c71  master -> master
[master 82ea3ab] daily contributing
 2 files changed, 5 insertions(+)
To git@github.com:noodleswww/keep-contributing.git
   0a11c71..82ea3ab  master -> master
[master 49061e6] daily contributing
 2 files changed, 5 insertions(+)
To git@github.com:noodleswww/keep-contributing.git
   82ea3ab..49061e6  master -> master
[master 4cefa4d] daily contributing
 2 files changed, 5 insertions(+)
To git@github.com:noodleswww/keep-contributing.git
   49061e6..4cefa4d  master -> master
[master 1f7b98c] daily contributing
 2 files changed, 5 insertions(+)
To git@github.com:noodleswww/keep-contributing.git
   4cefa4d..1f7b98c  master -> master
[master 0e737c2] daily contributing
 2 files changed, 5 insertions(+)
To git@github.com:noodleswww/keep-contributing.git
   1f7b98c..0e737c2  master -> master
[master 970480a] daily contributing
 2 files changed, 5 insertions(+)
To git@github.com:noodleswww/keep-contributing.git
   0e737c2..970480a  master -> master
[master 89eabf7] daily contributing
 2 files changed, 5 insertions(+)
To git@github.com:noodleswww/keep-contributing.git
   970480a..89eabf7  master -> master
[master 95b4efe] daily contributing
 2 files changed, 5 insertions(+)
To git@github.com:noodleswww/keep-contributing.git
   89eabf7..95b4efe  master -> master
[master 44e3a2d] daily contributing
 2 files changed, 5 insertions(+)
To git@github.com:noodleswww/keep-contributing.git
   95b4efe..44e3a2d  master -> master
[master f61c575] daily contributing
 2 files changed, 5 insertions(+)
To git@github.com:noodleswww/keep-contributing.git
   44e3a2d..f61c575  master -> master
[master 1d3f0e4] daily contributing
 2 files changed, 5 insertions(+)
To git@github.com:noodleswww/keep-contributing.git
   f61c575..1d3f0e4  master -> master
[master 7b4be9e] daily contributing
 2 files changed, 5 insertions(+)
To git@github.com:noodleswww/keep-contributing.git
   1d3f0e4..7b4be9e  master -> master
[master 94f6208] daily contributing
 2 files changed, 5 insertions(+)
To git@github.com:noodleswww/keep-contributing.git
   7b4be9e..94f6208  master -> master
[master a6ae3f6] daily contributing
 2 files changed, 5 insertions(+)
To git@github.com:noodleswww/keep-contributing.git
   94f6208..a6ae3f6  master -> master
[master 3473fd9] daily contributing
 2 files changed, 5 insertions(+)
To git@github.com:noodleswww/keep-contributing.git
   a6ae3f6..3473fd9  master -> master
[master 0953834] daily contributing
 2 files changed, 5 insertions(+)
To git@github.com:noodleswww/keep-contributing.git
   3473fd9..0953834  master -> master
[master e36c078] daily contributing
 2 files changed, 5 insertions(+)
To git@github.com:noodleswww/keep-contributing.git
   0953834..e36c078  master -> master
[master 1f43066] daily contributing
 2 files changed, 5 insertions(+)
To git@github.com:noodleswww/keep-contributing.git
   e36c078..1f43066  master -> master
[master d7a2759] daily contributing
 2 files changed, 5 insertions(+)
To git@github.com:noodleswww/keep-contributing.git
   1f43066..d7a2759  master -> master
[master 52372e7] daily contributing
 2 files changed, 5 insertions(+)
To git@github.com:noodleswww/keep-contributing.git
   d7a2759..52372e7  master -> master
[master 105bfc1] daily contributing
 2 files changed, 5 insertions(+)
To git@github.com:noodleswww/keep-contributing.git
   52372e7..105bfc1  master -> master
[master d991069] daily contributing
 2 files changed, 5 insertions(+)
To git@github.com:noodleswww/keep-contributing.git
   105bfc1..d991069  master -> master
[master 960ed77] daily contributing
 2 files changed, 5 insertions(+)
To git@github.com:noodleswww/keep-contributing.git
   d991069..960ed77  master -> master
[master 9cea628] daily contributing
 2 files changed, 5 insertions(+)
To git@github.com:noodleswww/keep-contributing.git
   960ed77..9cea628  master -> master
[master 700fed8] daily contributing
 2 files changed, 5 insertions(+)
To git@github.com:noodleswww/keep-contributing.git
   9cea628..700fed8  master -> master
[master 9a5c2fa] daily contributing
 2 files changed, 5 insertions(+)
To git@github.com:noodleswww/keep-contributing.git
   700fed8..9a5c2fa  master -> master
[master 5d9fe6d] daily contributing
 2 files changed, 5 insertions(+)
To git@github.com:noodleswww/keep-contributing.git
   9a5c2fa..5d9fe6d  master -> master
[master 9151ba6] daily contributing
 2 files changed, 5 insertions(+)
To git@github.com:noodleswww/keep-contributing.git
   5d9fe6d..9151ba6  master -> master
[master 065fda8] daily contributing
 2 files changed, 5 insertions(+)
To git@github.com:noodleswww/keep-contributing.git
   9151ba6..065fda8  master -> master
[master a70fb13] daily contributing
 2 files changed, 5 insertions(+)
To git@github.com:noodleswww/keep-contributing.git
   065fda8..a70fb13  master -> master
[master ce42f92] daily contributing
 2 files changed, 5 insertions(+)
To git@github.com:noodleswww/keep-contributing.git
   a70fb13..ce42f92  master -> master
[master aaa09a5] daily contributing
 2 files changed, 5 insertions(+)
To git@github.com:noodleswww/keep-contributing.git
   ce42f92..aaa09a5  master -> master
[master d85436c] daily contributing
 2 files changed, 5 insertions(+)
To git@github.com:noodleswww/keep-contributing.git
   aaa09a5..d85436c  master -> master
[master 9ac837a] daily contributing
 2 files changed, 5 insertions(+)
To git@github.com:noodleswww/keep-contributing.git
   d85436c..9ac837a  master -> master
[master 0cfa857] daily contributing
 2 files changed, 5 insertions(+)
To git@github.com:noodleswww/keep-contributing.git
   9ac837a..0cfa857  master -> master
[master 584c29f] daily contributing
 2 files changed, 5 insertions(+)
To git@github.com:noodleswww/keep-contributing.git
   0cfa857..584c29f  master -> master
[master 3ec1540] daily contributing
 2 files changed, 5 insertions(+)
To git@github.com:noodleswww/keep-contributing.git
   584c29f..3ec1540  master -> master
[master 7cbb058] daily contributing
 2 files changed, 5 insertions(+)
To git@github.com:noodleswww/keep-contributing.git
   3ec1540..7cbb058  master -> master
[master fd41ffe] daily contributing
 2 files changed, 5 insertions(+)
To git@github.com:noodleswww/keep-contributing.git
   7cbb058..fd41ffe  master -> master
[master e5d21de] daily contributing
 2 files changed, 5 insertions(+)
To git@github.com:noodleswww/keep-contributing.git
   fd41ffe..e5d21de  master -> master
